2025-09-09 16:55:09,414 [Worker-9: Loading available Gradle versions] INFO  o.e.b.c.i.u.g.PublishedGradleVersions - Gradle version information cache is up-to-date. Trying to read.
2025-09-09 16:55:35,652 [Worker-11: Importing Maven projects] INFO  o.e.m.c.i.l.LifecycleMappingFactory - Using org.eclipse.m2e.jdt.JarLifecycleMapping lifecycle mapping for MavenProject: soas.currency-conversion:currency-conversion:1.0.0 @ C:\Users\Admin\Desktop\SOAS\Vezbe-G-2-4-3b7e9f31869df87820dfa69587ff0f61b17ef4f6\CurrencyConversion\pom.xml.
2025-09-09 16:55:36,657 [Worker-11: Importing Maven projects] INFO  o.e.m.c.i.p.WorkspaceClassifierResolverManager - Resolving P/service-library: soas.service-library:service-library:1.0.0 with classifier  to /service-library/target/classes
2025-09-09 16:55:37,058 [Worker-11: Importing Maven projects] INFO  o.e.m.c.i.l.LifecycleMappingFactory - Using org.eclipse.m2e.jdt.JarLifecycleMapping lifecycle mapping for MavenProject: soas.currency-exchange:currency-exchange:1.0.0 @ C:\Users\Admin\Desktop\SOAS\Vezbe-G-2-4-3b7e9f31869df87820dfa69587ff0f61b17ef4f6\CurrencyExchange\pom.xml.
2025-09-09 16:55:37,396 [Worker-11: Importing Maven projects] INFO  o.e.m.c.i.p.WorkspaceClassifierResolverManager - Resolving P/service-library: soas.service-library:service-library:1.0.0 with classifier  to /service-library/target/classes
2025-09-09 16:55:37,858 [Worker-11: Importing Maven projects] INFO  o.e.m.c.i.l.LifecycleMappingFactory - Using org.eclipse.m2e.jdt.JarLifecycleMapping lifecycle mapping for MavenProject: soas.service-library:service-library:1.0.0 @ C:\Users\Admin\Desktop\SOAS\Vezbe-G-2-4-3b7e9f31869df87820dfa69587ff0f61b17ef4f6\ServiceLibrary\pom.xml.
2025-09-09 16:55:38,338 [Worker-11: Importing Maven projects] INFO  o.e.m.c.i.l.LifecycleMappingFactory - Using org.eclipse.m2e.jdt.JarLifecycleMapping lifecycle mapping for MavenProject: soas.currency-exchange:currency-exchange:1.0.0 @ C:\Users\Admin\Desktop\SOAS\Vezbe-G-2-4-3b7e9f31869df87820dfa69587ff0f61b17ef4f6\CurrencyExchange\pom.xml.
2025-09-09 16:55:38,393 [Worker-11: Importing Maven projects] INFO  o.e.m.c.i.p.WorkspaceClassifierResolverManager - Resolving P/service-library: soas.service-library:service-library:1.0.0 with classifier  to /service-library/target/classes
2025-09-09 16:55:38,811 [Worker-11: Importing Maven projects] INFO  o.e.m.c.i.l.LifecycleMappingFactory - Using org.eclipse.m2e.jdt.JarLifecycleMapping lifecycle mapping for MavenProject: soas.currency-conversion:currency-conversion:1.0.0 @ C:\Users\Admin\Desktop\SOAS\Vezbe-G-2-4-3b7e9f31869df87820dfa69587ff0f61b17ef4f6\CurrencyConversion\pom.xml.
2025-09-09 16:55:38,898 [Worker-11: Importing Maven projects] INFO  o.e.m.c.i.p.WorkspaceClassifierResolverManager - Resolving P/service-library: soas.service-library:service-library:1.0.0 with classifier  to /service-library/target/classes
2025-09-09 16:55:42,577 [Worker-11: Importing Maven projects] INFO  o.e.m.j.i.AbstractJavaProjectConfigurator - Adding source folder /service-library/src/main/java
2025-09-09 16:55:42,583 [Worker-11: Importing Maven projects] INFO  o.e.m.j.i.AbstractJavaProjectConfigurator - Adding resource folder /service-library/src/main/resources
2025-09-09 16:55:42,622 [Worker-11: Importing Maven projects] INFO  o.e.m.j.i.AbstractJavaProjectConfigurator - Adding resource folder /service-library/src/main/resources
2025-09-09 16:55:42,663 [Worker-11: Importing Maven projects] INFO  o.e.m.j.i.AbstractJavaProjectConfigurator - Adding source folder /service-library/src/test/java
2025-09-09 16:55:42,666 [Worker-11: Importing Maven projects] INFO  o.e.m.j.i.AbstractJavaProjectConfigurator - Adding resource folder /service-library/src/test/resources
2025-09-09 16:55:45,342 [Worker-11: Importing Maven projects] INFO  o.e.m.j.i.AbstractJavaProjectConfigurator - Adding source folder /currency-exchange/src/main/java
2025-09-09 16:55:45,346 [Worker-11: Importing Maven projects] INFO  o.e.m.j.i.AbstractJavaProjectConfigurator - Adding resource folder /currency-exchange/src/main/resources
2025-09-09 16:55:45,365 [Worker-11: Importing Maven projects] INFO  o.e.m.j.i.AbstractJavaProjectConfigurator - Adding resource folder /currency-exchange/src/main/resources
2025-09-09 16:55:45,394 [Worker-11: Importing Maven projects] INFO  o.e.m.j.i.AbstractJavaProjectConfigurator - Adding source folder /currency-exchange/src/test/java
2025-09-09 16:55:45,398 [Worker-11: Importing Maven projects] INFO  o.e.m.j.i.AbstractJavaProjectConfigurator - Adding resource folder /currency-exchange/src/test/resources
2025-09-09 16:55:47,070 [Worker-11: Importing Maven projects] INFO  o.e.m.j.i.AbstractJavaProjectConfigurator - Adding source folder /currency-conversion/src/main/java
2025-09-09 16:55:47,075 [Worker-11: Importing Maven projects] INFO  o.e.m.j.i.AbstractJavaProjectConfigurator - Adding resource folder /currency-conversion/src/main/resources
2025-09-09 16:55:47,104 [Worker-11: Importing Maven projects] INFO  o.e.m.j.i.AbstractJavaProjectConfigurator - Adding resource folder /currency-conversion/src/main/resources
2025-09-09 16:55:47,120 [Worker-11: Importing Maven projects] INFO  o.e.m.j.i.AbstractJavaProjectConfigurator - Adding source folder /currency-conversion/src/test/java
2025-09-09 16:55:47,125 [Worker-11: Importing Maven projects] INFO  o.e.m.j.i.AbstractJavaProjectConfigurator - Adding resource folder /currency-conversion/src/test/resources
2025-09-09 16:55:48,050 [Worker-11: Importing Maven projects] INFO  o.e.m.c.i.p.ProjectConfigurationManager - Imported and configured 3 project(s) in 21 sec
2025-09-09 16:55:48,664 [Worker-18: Updating Maven Project] INFO  o.e.m.c.i.p.ProjectConfigurationManager - Update started
2025-09-09 16:55:53,533 [Worker-18: Updating Maven Project] INFO  o.e.m.c.i.l.LifecycleMappingFactory - Using org.eclipse.m2e.jdt.JarLifecycleMapping lifecycle mapping for MavenProject: soas.currency-conversion:currency-conversion:1.0.0 @ C:\Users\Admin\Desktop\SOAS\Vezbe-G-2-4-3b7e9f31869df87820dfa69587ff0f61b17ef4f6\CurrencyConversion\pom.xml.
2025-09-09 16:55:54,681 [Worker-18: Updating Maven Project] INFO  o.e.m.c.i.p.WorkspaceClassifierResolverManager - Resolving P/service-library: soas.service-library:service-library:1.0.0 with classifier  to /service-library/target/classes
2025-09-09 16:55:55,535 [Worker-18: Updating Maven Project] INFO  o.e.m.c.i.l.LifecycleMappingFactory - Using org.eclipse.m2e.jdt.JarLifecycleMapping lifecycle mapping for MavenProject: soas.currency-exchange:currency-exchange:1.0.0 @ C:\Users\Admin\Desktop\SOAS\Vezbe-G-2-4-3b7e9f31869df87820dfa69587ff0f61b17ef4f6\CurrencyExchange\pom.xml.
2025-09-09 16:55:56,166 [Worker-18: Updating Maven Project] INFO  o.e.m.c.i.p.WorkspaceClassifierResolverManager - Resolving P/service-library: soas.service-library:service-library:1.0.0 with classifier  to /service-library/target/classes
2025-09-09 16:55:56,704 [Worker-18: Updating Maven Project] INFO  o.e.m.c.i.l.LifecycleMappingFactory - Using org.eclipse.m2e.jdt.JarLifecycleMapping lifecycle mapping for MavenProject: soas.service-library:service-library:1.0.0 @ C:\Users\Admin\Desktop\SOAS\Vezbe-G-2-4-3b7e9f31869df87820dfa69587ff0f61b17ef4f6\ServiceLibrary\pom.xml.
2025-09-09 16:55:59,680 [Worker-18: Updating Maven Project] INFO  o.e.m.j.i.AbstractJavaProjectConfigurator - Adding source folder /currency-conversion/src/main/java
2025-09-09 16:55:59,683 [Worker-18: Updating Maven Project] INFO  o.e.m.j.i.AbstractJavaProjectConfigurator - Adding resource folder /currency-conversion/src/main/resources
2025-09-09 16:55:59,687 [Worker-18: Updating Maven Project] INFO  o.e.m.j.i.AbstractJavaProjectConfigurator - Adding resource folder /currency-conversion/src/main/resources
2025-09-09 16:55:59,691 [Worker-18: Updating Maven Project] INFO  o.e.m.j.i.AbstractJavaProjectConfigurator - Adding source folder /currency-conversion/src/test/java
2025-09-09 16:55:59,694 [Worker-18: Updating Maven Project] INFO  o.e.m.j.i.AbstractJavaProjectConfigurator - Adding resource folder /currency-conversion/src/test/resources
2025-09-09 16:56:00,883 [Worker-18: Updating Maven Project] INFO  o.e.m.j.i.AbstractJavaProjectConfigurator - Adding source folder /currency-exchange/src/main/java
2025-09-09 16:56:00,886 [Worker-18: Updating Maven Project] INFO  o.e.m.j.i.AbstractJavaProjectConfigurator - Adding resource folder /currency-exchange/src/main/resources
2025-09-09 16:56:00,900 [Worker-18: Updating Maven Project] INFO  o.e.m.j.i.AbstractJavaProjectConfigurator - Adding resource folder /currency-exchange/src/main/resources
2025-09-09 16:56:00,902 [Worker-18: Updating Maven Project] INFO  o.e.m.j.i.AbstractJavaProjectConfigurator - Adding source folder /currency-exchange/src/test/java
2025-09-09 16:56:00,908 [Worker-18: Updating Maven Project] INFO  o.e.m.j.i.AbstractJavaProjectConfigurator - Adding resource folder /currency-exchange/src/test/resources
2025-09-09 16:56:02,425 [Worker-18: Updating Maven Project] INFO  o.e.m.j.i.AbstractJavaProjectConfigurator - Adding source folder /service-library/src/main/java
2025-09-09 16:56:02,427 [Worker-18: Updating Maven Project] INFO  o.e.m.j.i.AbstractJavaProjectConfigurator - Adding resource folder /service-library/src/main/resources
2025-09-09 16:56:02,434 [Worker-18: Updating Maven Project] INFO  o.e.m.j.i.AbstractJavaProjectConfigurator - Adding resource folder /service-library/src/main/resources
2025-09-09 16:56:02,437 [Worker-18: Updating Maven Project] INFO  o.e.m.j.i.AbstractJavaProjectConfigurator - Adding source folder /service-library/src/test/java
2025-09-09 16:56:02,441 [Worker-18: Updating Maven Project] INFO  o.e.m.j.i.AbstractJavaProjectConfigurator - Adding resource folder /service-library/src/test/resources
2025-09-09 16:56:04,316 [Worker-18: Updating Maven Project] INFO  o.e.m.c.i.p.ProjectConfigurationManager - Update completed for 3 poms: local refresh takes 0.00 sec, refresh facades takes 10.00 sec, update config takes 3.00 sec 
2025-09-09 16:56:05,704 [Worker-3: Building] INFO  o.a.m.s.f.DefaultMavenResourcesFiltering - Copying 1 resource from src\main\resources to target\classes
2025-09-09 16:56:05,757 [Worker-3: Building] INFO  o.a.m.s.f.DefaultMavenResourcesFiltering - Copying 0 resource from src\main\resources to target\classes
2025-09-09 16:56:05,770 [Worker-3: Building] INFO  o.a.m.s.f.DefaultMavenResourcesFiltering - skip non existing resourceDirectory C:\Users\Admin\Desktop\SOAS\Vezbe-G-2-4-3b7e9f31869df87820dfa69587ff0f61b17ef4f6\ServiceLibrary\src\test\resources
2025-09-09 16:56:08,456 [Worker-3: Building] INFO  o.a.m.s.f.DefaultMavenResourcesFiltering - Copying 1 resource from src\main\resources to target\classes
2025-09-09 16:56:08,497 [Worker-3: Building] INFO  o.a.m.s.f.DefaultMavenResourcesFiltering - Copying 1 resource from src\main\resources to target\classes
2025-09-09 16:56:08,738 [Worker-3: Building] INFO  o.a.m.s.f.DefaultMavenResourcesFiltering - skip non existing resourceDirectory C:\Users\Admin\Desktop\SOAS\Vezbe-G-2-4-3b7e9f31869df87820dfa69587ff0f61b17ef4f6\CurrencyExchange\src\test\resources
2025-09-09 16:56:09,996 [Worker-3: Building] INFO  o.a.m.s.f.DefaultMavenResourcesFiltering - Copying 1 resource from src\main\resources to target\classes
2025-09-09 16:56:10,033 [Worker-3: Building] INFO  o.a.m.s.f.DefaultMavenResourcesFiltering - Copying 0 resource from src\main\resources to target\classes
2025-09-09 16:56:10,042 [Worker-3: Building] INFO  o.a.m.s.f.DefaultMavenResourcesFiltering - skip non existing resourceDirectory C:\Users\Admin\Desktop\SOAS\Vezbe-G-2-4-3b7e9f31869df87820dfa69587ff0f61b17ef4f6\CurrencyConversion\src\test\resources
2025-09-09 17:00:05,816 [Worker-12: Launching CurrencyConversionApplication] INFO  o.e.m.c.i.p.WorkspaceClassifierResolverManager - Resolving P/service-library: soas.service-library:service-library:1.0.0 with classifier null to /service-library/target/classes
2025-09-09 17:00:06,156 [Worker-12: Launching CurrencyConversionApplication] INFO  o.e.m.c.i.p.WorkspaceClassifierResolverManager - Resolving P/service-library: soas.service-library:service-library:1.0.0 with classifier null to /service-library/target/classes
2025-09-09 17:00:06,431 [Worker-12: Launching CurrencyConversionApplication] INFO  o.e.m.c.i.p.WorkspaceClassifierResolverManager - Resolving P/service-library: soas.service-library:service-library:1.0.0 with classifier null to /service-library/target/classes
2025-09-09 17:11:38,675 [Worker-24: Launching CurrencyConversionApplication] INFO  o.e.m.c.i.p.WorkspaceClassifierResolverManager - Resolving P/service-library: soas.service-library:service-library:1.0.0 with classifier null to /service-library/target/classes
2025-09-09 17:11:39,046 [Worker-24: Launching CurrencyConversionApplication] INFO  o.e.m.c.i.p.WorkspaceClassifierResolverManager - Resolving P/service-library: soas.service-library:service-library:1.0.0 with classifier null to /service-library/target/classes
2025-09-09 17:11:39,380 [Worker-24: Launching CurrencyConversionApplication] INFO  o.e.m.c.i.p.WorkspaceClassifierResolverManager - Resolving P/service-library: soas.service-library:service-library:1.0.0 with classifier null to /service-library/target/classes
2025-09-09 17:12:25,323 [Worker-24: Launching CurrencyExchangeApplication] INFO  o.e.m.c.i.p.WorkspaceClassifierResolverManager - Resolving P/service-library: soas.service-library:service-library:1.0.0 with classifier null to /service-library/target/classes
2025-09-09 17:12:25,703 [Worker-24: Launching CurrencyExchangeApplication] INFO  o.e.m.c.i.p.WorkspaceClassifierResolverManager - Resolving P/service-library: soas.service-library:service-library:1.0.0 with classifier null to /service-library/target/classes
2025-09-09 17:12:26,006 [Worker-24: Launching CurrencyExchangeApplication] INFO  o.e.m.c.i.p.WorkspaceClassifierResolverManager - Resolving P/service-library: soas.service-library:service-library:1.0.0 with classifier null to /service-library/target/classes
2025-09-09 17:14:36,890 [Worker-25: Launching CurrencyConversionApplication] INFO  o.e.m.c.i.p.WorkspaceClassifierResolverManager - Resolving P/service-library: soas.service-library:service-library:1.0.0 with classifier null to /service-library/target/classes
2025-09-09 17:14:37,096 [Worker-25: Launching CurrencyConversionApplication] INFO  o.e.m.c.i.p.WorkspaceClassifierResolverManager - Resolving P/service-library: soas.service-library:service-library:1.0.0 with classifier null to /service-library/target/classes
2025-09-09 17:14:37,289 [Worker-25: Launching CurrencyConversionApplication] INFO  o.e.m.c.i.p.WorkspaceClassifierResolverManager - Resolving P/service-library: soas.service-library:service-library:1.0.0 with classifier null to /service-library/target/classes
2025-09-09 17:17:27,336 [Worker-8: Launching CurrencyExchangeApplication] INFO  o.e.m.c.i.p.WorkspaceClassifierResolverManager - Resolving P/service-library: soas.service-library:service-library:1.0.0 with classifier null to /service-library/target/classes
2025-09-09 17:17:27,835 [Worker-8: Launching CurrencyExchangeApplication] INFO  o.e.m.c.i.p.WorkspaceClassifierResolverManager - Resolving P/service-library: soas.service-library:service-library:1.0.0 with classifier null to /service-library/target/classes
2025-09-09 17:17:28,319 [Worker-8: Launching CurrencyExchangeApplication] INFO  o.e.m.c.i.p.WorkspaceClassifierResolverManager - Resolving P/service-library: soas.service-library:service-library:1.0.0 with classifier null to /service-library/target/classes
